<?xml version="1.0" encoding="UTF-8"?>
<!-- Generated by org.testng.reporters.JUnitReportReporter -->
<testsuite hostname="AYUSH-GAMP" failures="0" tests="2" name="seleniumCodes.FileDownload" time="4.005" errors="0" timestamp="2025-05-05T17:55:04 IST" skipped="0">
  <testcase classname="seleniumCodes.FileDownload" name="settingCustomDownloadLocation" time="0.999"/>
  <testcase classname="seleniumCodes.FileDownload" name="initateDownload" time="3.006"/>
</testsuite> <!-- seleniumCodes.FileDownload -->
