<?xml version="1.0" encoding="UTF-8"?>
<!-- Generated by org.testng.reporters.JUnitReportReporter -->
<testsuite hostname="AYUSH-GAMP" failures="0" tests="3" name="SeleniumCodes.CarousalHandling" time="7.898" errors="0" timestamp="2025-04-28T18:26:54 IST" skipped="1">
  <testcase classname="SeleniumCodes.CarousalHandling" name="BrowserOpenAndNavigation" time="3.055"/>
  <testcase classname="SeleniumCodes.CarousalHandling" name="getRecommendedSectionContentList" time="4.843"/>
  <testcase classname="SeleniumCodes.CarousalHandling" name="getRecommendedContent">
    <skipped/>
  </testcase> <!-- getRecommendedContent -->
</testsuite> <!-- SeleniumCodes.CarousalHandling -->
