<?xml version="1.0" encoding="UTF-8"?>
<!-- Generated by org.testng.reporters.JUnitReportReporter -->
<testsuite hostname="Ayushs-Laptop.local" failures="0" tests="1" name="seleniumCodes.FileDownload" time="4.752" errors="0" timestamp="2025-05-04T20:02:11 IST" skipped="0">
  <testcase classname="seleniumCodes.FileDownload" name="initateDownload" time="4.752"/>
</testsuite> <!-- seleniumCodes.FileDownload -->
