<?xml version="1.0" encoding="UTF-8"?>
<!-- Generated by org.testng.reporters.JUnitReportReporter -->
<testsuite hostname="AYUSH-GAMP" failures="0" tests="2" name="pomAndPageFactory.LoginPagePageFactory" time="3.525" errors="0" timestamp="2025-05-04T18:02:05 IST" skipped="0">
  <testcase classname="pomAndPageFactory.LoginPagePageFactory" name="FileInputStreamSetup" time="0.006"/>
  <testcase classname="pomAndPageFactory.LoginPagePageFactory" name="loginProcess" time="3.519"/>
</testsuite> <!-- pomAndPageFactory.LoginPagePageFactory -->
