<?xml version="1.0" encoding="UTF-8"?>
<!-- Generated by org.testng.reporters.JUnitReportReporter -->
<testsuite hostname="Ayushs-Laptop.local" failures="0" tests="1" name="seleniumCodes.FileUpload" time="10.353" errors="0" timestamp="2025-05-04T20:03:33 IST" skipped="0">
  <testcase classname="seleniumCodes.FileUpload" name="navigateAndImageUpload" time="10.353"/>
</testsuite> <!-- seleniumCodes.FileUpload -->
