<?xml version="1.0" encoding="UTF-8"?>
<!-- Generated by org.testng.reporters.JUnitReportReporter -->
<testsuite hostname="AYUSH-GAMP" failures="0" tests="1" name="pomAndPageFactory.LoginPagePageFactory" time="4.216" errors="0" timestamp="2025-05-03T20:36:38 IST" skipped="0">
  <testcase classname="pomAndPageFactory.LoginPagePageFactory" name="loginProcess" time="4.216"/>
</testsuite> <!-- pomAndPageFactory.LoginPagePageFactory -->
