<?xml version="1.0" encoding="UTF-8"?>
<!-- Generated by org.testng.reporters.JUnitReportReporter -->
<testsuite hostname="AYUSH-GAMP" failures="0" tests="1" name="seleniumCodes.FileUpload" time="8.076" errors="0" timestamp="2025-05-04T18:02:36 IST" skipped="0">
  <testcase classname="seleniumCodes.FileUpload" name="navigateAndImageUpload" time="8.076"/>
</testsuite> <!-- seleniumCodes.FileUpload -->
