<?xml version="1.0" encoding="UTF-8"?>
<!-- Generated by org.testng.reporters.JUnitReportReporter -->
<testsuite hostname="Ayushs-Laptop.local" failures="0" tests="2" name="pomAndPageFactory.LoginPagePageFactory" time="9.885" errors="0" timestamp="2025-05-07T13:49:31 IST" skipped="0">
  <testcase classname="pomAndPageFactory.LoginPagePageFactory" name="FileInputStreamSetup" time="0.005"/>
  <testcase classname="pomAndPageFactory.LoginPagePageFactory" name="loginProcess" time="9.880"/>
</testsuite> <!-- pomAndPageFactory.LoginPagePageFactory -->
